Using pre-set license
Built from '2022.3/staging' branch; Version is '2022.3.10f1 (ff3792e53c62) revision 16725906'; Using compiler version '192829333'; Build Type 'Release'
OS: 'Windows 10  (10.0.18363) 64bit Professional' Language: 'zh' Physical Memory: 32699 MB
BatchMode: 1, IsHumanControllingUs: 0, StartBugReporterOnCrash: 0, Is64bit: 1, IsPro: 1

COMMAND LINE ARGUMENTS:
E:\Unity\Editor\2022.3.10f1\Editor\Unity.exe
-adb2
-batchMode
-noUpm
-name
AssetImportWorker1
-projectPath
D:/Github/OnlineGame/OnlineGame
-logFile
Logs/AssetImportWorker1.log
-srvPort
60198
Successfully changed project path to: D:/Github/OnlineGame/OnlineGame
D:/Github/OnlineGame/OnlineGame
[UnityMemory] Configuration Parameters - Can be set up in boot.config
    "memorysetup-bucket-allocator-granularity=16"
    "memorysetup-bucket-allocator-bucket-count=8"
    "memorysetup-bucket-allocator-block-size=33554432"
    "memorysetup-bucket-allocator-block-count=8"
    "memorysetup-main-allocator-block-size=16777216"
    "memorysetup-thread-allocator-block-size=16777216"
    "memorysetup-gfx-main-allocator-block-size=16777216"
    "memorysetup-gfx-thread-allocator-block-size=16777216"
    "memorysetup-cache-allocator-block-size=4194304"
    "memorysetup-typetree-allocator-block-size=2097152"
    "memorysetup-profiler-bucket-allocator-granularity=16"
    "memorysetup-profiler-bucket-allocator-bucket-count=8"
    "memorysetup-profiler-bucket-allocator-block-size=33554432"
    "memorysetup-profiler-bucket-allocator-block-count=8"
    "memorysetup-profiler-allocator-block-size=16777216"
    "memorysetup-profiler-editor-allocator-block-size=1048576"
    "memorysetup-temp-allocator-size-main=16777216"
    "memorysetup-job-temp-allocator-block-size=2097152"
    "memorysetup-job-temp-allocator-block-size-background=1048576"
    "memorysetup-job-temp-allocator-reduction-small-platforms=262144"
    "memorysetup-allocator-temp-initial-block-size-main=262144"
    "memorysetup-allocator-temp-initial-block-size-worker=262144"
    "memorysetup-temp-allocator-size-background-worker=32768"
    "memorysetup-temp-allocator-size-job-worker=262144"
    "memorysetup-temp-allocator-size-preload-manager=33554432"
    "memorysetup-temp-allocator-size-nav-mesh-worker=65536"
    "memorysetup-temp-allocator-size-audio-worker=65536"
    "memorysetup-temp-allocator-size-cloud-worker=32768"
    "memorysetup-temp-allocator-size-gi-baking-worker=262144"
    "memorysetup-temp-allocator-size-gfx=262144"
Player connection [23612] Host "[IP] 192.168.1.137 [Port] 0 [Flags] 2 [Guid] 491695072 [EditorId] 491695072 [Version] 1048832 [Id] WindowsEditor(7,WIN-IKR7BUL510E) [Debug] 1 [PackageName] WindowsEditor [ProjectName] Editor" joined multi-casting on [225.0.0.222:54997]...

Player connection [23612] Host "[IP] 192.168.1.137 [Port] 0 [Flags] 2 [Guid] 491695072 [EditorId] 491695072 [Version] 1048832 [Id] WindowsEditor(7,WIN-IKR7BUL510E) [Debug] 1 [PackageName] WindowsEditor [ProjectName] Editor" joined alternative multi-casting on [225.0.0.222:34997]...

[Physics::Module] Initialized MultithreadedJobDispatcher with 15 workers.
Refreshing native plugins compatible for Editor in 6.76 ms, found 4 plugins.
Preloading 0 native plugins for Editor in 0.00 ms.
Initialize engine version: 2022.3.10f1 (ff3792e53c62)
[Subsystems] Discovering subsystems at path E:/Unity/Editor/2022.3.10f1/Editor/Data/Resources/UnitySubsystems
[Subsystems] Discovering subsystems at path D:/Github/OnlineGame/OnlineGame/Assets
GfxDevice: creating device client; threaded=0; jobified=0
Direct3D:
    Version:  Direct3D 11.0 [level 11.1]
    Renderer: NVIDIA GeForce RTX 2070 (ID=0x1f02)
    Vendor:   NVIDIA
    VRAM:     8019 MB
    Driver:   31.0.15.4617
Initialize mono
Mono path[0] = 'E:/Unity/Editor/2022.3.10f1/Editor/Data/Managed'
Mono path[1] = 'E:/Unity/Editor/2022.3.10f1/Editor/Data/MonoBleedingEdge/lib/mono/unityjit-win32'
Mono config path = 'E:/Unity/Editor/2022.3.10f1/Editor/Data/MonoBleedingEdge/etc'
Using monoOptions --debugger-agent=transport=dt_socket,embedding=1,server=y,suspend=n,address=127.0.0.1:56272
Begin MonoManager ReloadAssembly
Registering precompiled unity dll's ...
Register platform support module: E:/Unity/Editor/2022.3.10f1/Editor/Data/PlaybackEngines/WindowsStandaloneSupport/UnityEditor.WindowsStandalone.Extensions.dll
Registered in 0.003439 seconds.
- Loaded All Assemblies, in  0.310 seconds
Native extension for WindowsStandalone target not found
Mono: successfully reloaded assembly
- Finished resetting the current domain, in  0.232 seconds
Domain Reload Profiling: 542ms
	BeginReloadAssembly (101ms)
		ExecutionOrderSort (0ms)
		DisableScriptedObjects (0ms)
		BackupInstance (0ms)
		ReleaseScriptingObjects (0ms)
		CreateAndSetChildDomain (1ms)
	RebuildCommonClasses (32ms)
	RebuildNativeTypeToScriptingClass (10ms)
	initialDomainReloadingComplete (43ms)
	LoadAllAssembliesAndSetupDomain (124ms)
		LoadAssemblies (100ms)
		RebuildTransferFunctionScriptingTraits (0ms)
		AnalyzeDomain (122ms)
			TypeCache.Refresh (121ms)
				TypeCache.ScanAssembly (109ms)
			ScanForSourceGeneratedMonoScriptInfo (0ms)
			ResolveRequiredComponents (0ms)
	FinalizeReload (232ms)
		ReleaseScriptCaches (0ms)
		RebuildScriptCaches (0ms)
		SetupLoadedEditorAssemblies (180ms)
			LogAssemblyErrors (0ms)
			InitializePlatformSupportModulesInManaged (7ms)
			SetLoadedEditorAssemblies (7ms)
			RefreshPlugins (0ms)
			BeforeProcessingInitializeOnLoad (2ms)
			ProcessInitializeOnLoadAttributes (119ms)
			ProcessInitializeOnLoadMethodAttributes (45ms)
			AfterProcessingInitializeOnLoad (0ms)
			EditorAssembliesLoaded (0ms)
		ExecutionOrderSort2 (0ms)
		AwakeInstancesAfterBackupRestoration (0ms)
========================================================================
Worker process is ready to serve import requests
Begin MonoManager ReloadAssembly
- Loaded All Assemblies, in  0.547 seconds
Refreshing native plugins compatible for Editor in 2.56 ms, found 4 plugins.
Native extension for WindowsStandalone target not found
Package Manager log level set to [2]
[Package Manager] Server::EnsureServerProcessIsRunning -- launch failed, reason: Unity was launched with the -noUpm command-line argument
[Package Manager] UpmClient::Send -- Unable to send message (not connected to UPM process).
[Package Manager] Cannot connect to Unity Package Manager local server
Mono: successfully reloaded assembly
- Finished resetting the current domain, in  0.521 seconds
Domain Reload Profiling: 1067ms
	BeginReloadAssembly (148ms)
		ExecutionOrderSort (0ms)
		DisableScriptedObjects (5ms)
		BackupInstance (0ms)
		ReleaseScriptingObjects (0ms)
		CreateAndSetChildDomain (21ms)
	RebuildCommonClasses (32ms)
	RebuildNativeTypeToScriptingClass (10ms)
	initialDomainReloadingComplete (32ms)
	LoadAllAssembliesAndSetupDomain (324ms)
		LoadAssemblies (265ms)
		RebuildTransferFunctionScriptingTraits (0ms)
		AnalyzeDomain (150ms)
			TypeCache.Refresh (127ms)
				TypeCache.ScanAssembly (113ms)
			ScanForSourceGeneratedMonoScriptInfo (17ms)
			ResolveRequiredComponents (4ms)
	FinalizeReload (521ms)
		ReleaseScriptCaches (0ms)
		RebuildScriptCaches (0ms)
		SetupLoadedEditorAssemblies (382ms)
			LogAssemblyErrors (0ms)
			InitializePlatformSupportModulesInManaged (4ms)
			SetLoadedEditorAssemblies (3ms)
			RefreshPlugins (0ms)
			BeforeProcessingInitializeOnLoad (54ms)
			ProcessInitializeOnLoadAttributes (288ms)
			ProcessInitializeOnLoadMethodAttributes (31ms)
			AfterProcessingInitializeOnLoad (2ms)
			EditorAssembliesLoaded (0ms)
		ExecutionOrderSort2 (0ms)
		AwakeInstancesAfterBackupRestoration (6ms)
Launched and connected shader compiler UnityShaderCompiler.exe after 0.04 seconds
Refreshing native plugins compatible for Editor in 2.62 ms, found 4 plugins.
Preloading 0 native plugins for Editor in 0.00 ms.
Unloading 4009 Unused Serialized files (Serialized files now loaded: 0)
Unloading 69 unused Assets / (244.6 KB). Loaded Objects now: 4466.
Memory consumption went from 141.7 MB to 141.5 MB.
Total: 3.582400 ms (FindLiveObjects: 0.452800 ms CreateObjectMapping: 0.102700 ms MarkObjects: 2.813900 ms  DeleteObjects: 0.212300 ms)

AssetImportParameters requested are different than current active one (requested -> active):
  custom:container-demuxer-ogg: 62fdf1f143b41e24485cea50d1cbac27 -> 
  custom:video-decoder-ogg-theora: a1e56fd34408186e4bbccfd4996cb3dc -> 
  custom:framework-win-MediaFoundation: 216162199b28c13a410421893ffa2e32 -> 
  custom:container-demuxer-webm: 4f35f7cbe854078d1ac9338744f61a02 -> 
  custom:container-muxer-webm: aa71ff27fc2769a1b78a27578f13a17b -> 
  custom:video-decoder-webm-vp8: 9c59270c3fd7afecdb556c50c9e8de78 -> 
  custom:AudioImporter_EditorPlatform: d09bf68614088b80899f8185d706f6e7 -> 
  custom:video-encoder-webm-vp8: eb34c28f22e8b96e1ab97ce403110664 -> 
  custom:audio-decoder-ogg-vorbis: bf7c407c2cedff20999df2af8eb42d56 -> 
  custom:audio-encoder-webm-vorbis: bf7c407c2cedff20999df2af8eb42d56 -> 
========================================================================
Received Import Request.
  Time since last request: 101698.181055 seconds.
  path: Assets/Comic Battle Royale/2D Character - Astronaut/Variant A/Animations/bomb_explosion.controller
  artifactKey: Guid(b2a70a8bb2ab49a7928dad3525ae7754) Importer(815301076,1909f56bfc062723c751e8b465ee728b)
Start importing Assets/Comic Battle Royale/2D Character - Astronaut/Variant A/Animations/bomb_explosion.controller using Guid(b2a70a8bb2ab49a7928dad3525ae7754) Importer(815301076,1909f56bfc062723c751e8b465ee728b)  -> (artifact id: '798965ebde1c87aa10cb3b2102cc78df') in 0.009555 seconds
Number of updated asset objects reloaded before import = 0
Number of asset objects unloaded after import = 4
========================================================================
Received Import Request.
  Time since last request: 7.850907 seconds.
  path: Assets/Comic Battle Royale/2D Character - Astronaut/Variant A/Sprites/Character/walk/up/02.png
  artifactKey: Guid(8d13cc0ee39c4ceaa13af480ad28478e) Importer(815301076,1909f56bfc062723c751e8b465ee728b)
Start importing Assets/Comic Battle Royale/2D Character - Astronaut/Variant A/Sprites/Character/walk/up/02.png using Guid(8d13cc0ee39c4ceaa13af480ad28478e) Importer(815301076,1909f56bfc062723c751e8b465ee728b)  -> (artifact id: 'f35025b3ae57a8f9cd04521b650d1977') in 0.091241 seconds
Number of updated asset objects reloaded before import = 0
Number of asset objects unloaded after import = 3
========================================================================
Received Import Request.
  Time since last request: 0.000026 seconds.
  path: Assets/Comic Battle Royale/2D Character - Astronaut/Variant A/Sprites/Character/walk/up/14.png
  artifactKey: Guid(1eb5a99bcec643a1a0ff1e32542bdcdc) Importer(815301076,1909f56bfc062723c751e8b465ee728b)
Start importing Assets/Comic Battle Royale/2D Character - Astronaut/Variant A/Sprites/Character/walk/up/14.png using Guid(1eb5a99bcec643a1a0ff1e32542bdcdc) Importer(815301076,1909f56bfc062723c751e8b465ee728b)  -> (artifact id: '52fde7a6a89fb16e459dc606ed5ee5e9') in 0.031924 seconds
Number of updated asset objects reloaded before import = 0
Number of asset objects unloaded after import = 3
========================================================================
Received Import Request.
  Time since last request: 0.000017 seconds.
  path: Assets/Comic Battle Royale/2D Character - Astronaut/Variant A/Sprites/Character/walk/up/11.png
  artifactKey: Guid(e85c924ffaad471bad408ffd8f7151d1) Importer(815301076,1909f56bfc062723c751e8b465ee728b)
Start importing Assets/Comic Battle Royale/2D Character - Astronaut/Variant A/Sprites/Character/walk/up/11.png using Guid(e85c924ffaad471bad408ffd8f7151d1) Importer(815301076,1909f56bfc062723c751e8b465ee728b)  -> (artifact id: 'c6bd46f3da04a70fbfe7c73f363963dc') in 0.049758 seconds
Number of updated asset objects reloaded before import = 0
Number of asset objects unloaded after import = 3
========================================================================
Received Import Request.
  Time since last request: 0.000023 seconds.
  path: Assets/Comic Battle Royale/2D Character - Astronaut/Variant A/Sprites/Character/walk/up/10.png
  artifactKey: Guid(3fb4c361241544dbaabde4897d6d16b7) Importer(815301076,1909f56bfc062723c751e8b465ee728b)
Start importing Assets/Comic Battle Royale/2D Character - Astronaut/Variant A/Sprites/Character/walk/up/10.png using Guid(3fb4c361241544dbaabde4897d6d16b7) Importer(815301076,1909f56bfc062723c751e8b465ee728b)  -> (artifact id: '085224b9d8e30de1094761114b701630') in 0.016546 seconds
Number of updated asset objects reloaded before import = 0
Number of asset objects unloaded after import = 3
========================================================================
Received Import Request.
  Time since last request: 0.000026 seconds.
  path: Assets/Comic Battle Royale/2D Character - Astronaut/Variant A/Sprites/Character/walk/up/03.png
  artifactKey: Guid(2caca5d22c1845f39aa0f7407ba60d2d) Importer(815301076,1909f56bfc062723c751e8b465ee728b)
Start importing Assets/Comic Battle Royale/2D Character - Astronaut/Variant A/Sprites/Character/walk/up/03.png using Guid(2caca5d22c1845f39aa0f7407ba60d2d) Importer(815301076,1909f56bfc062723c751e8b465ee728b)  -> (artifact id: '68949c0677eaf0984db6100273c7995c') in 0.015157 seconds
Number of updated asset objects reloaded before import = 0
Number of asset objects unloaded after import = 3
========================================================================
Received Import Request.
  Time since last request: 0.000015 seconds.
  path: Assets/Comic Battle Royale/2D Character - Astronaut/Variant A/Sprites/Character/walk/up/07.png
  artifactKey: Guid(1bd00edc96a5495a835b97e7f45a966b) Importer(815301076,1909f56bfc062723c751e8b465ee728b)
Start importing Assets/Comic Battle Royale/2D Character - Astronaut/Variant A/Sprites/Character/walk/up/07.png using Guid(1bd00edc96a5495a835b97e7f45a966b) Importer(815301076,1909f56bfc062723c751e8b465ee728b)  -> (artifact id: 'fb8a404173ca35d7f77ebb9657ddfd1f') in 0.015144 seconds
Number of updated asset objects reloaded before import = 0
Number of asset objects unloaded after import = 3
========================================================================
Received Import Request.
  Time since last request: 0.000015 seconds.
  path: Assets/Comic Battle Royale/2D Character - Astronaut/Variant A/Sprites/Character/walk/up/04.png
  artifactKey: Guid(29717092b9a9440380d55944acd043ab) Importer(815301076,1909f56bfc062723c751e8b465ee728b)
Start importing Assets/Comic Battle Royale/2D Character - Astronaut/Variant A/Sprites/Character/walk/up/04.png using Guid(29717092b9a9440380d55944acd043ab) Importer(815301076,1909f56bfc062723c751e8b465ee728b)  -> (artifact id: '642069419a4a9b8d1a4effa96a5b0e06') in 0.015523 seconds
Number of updated asset objects reloaded before import = 0
Number of asset objects unloaded after import = 3
========================================================================
Received Import Request.
  Time since last request: 0.000018 seconds.
  path: Assets/Comic Battle Royale/2D Character - Astronaut/Variant A/Sprites/Character/walk/up/08.png
  artifactKey: Guid(d34e69432ed24c6a87ec408bb0fe46ff) Importer(815301076,1909f56bfc062723c751e8b465ee728b)
Start importing Assets/Comic Battle Royale/2D Character - Astronaut/Variant A/Sprites/Character/walk/up/08.png using Guid(d34e69432ed24c6a87ec408bb0fe46ff) Importer(815301076,1909f56bfc062723c751e8b465ee728b)  -> (artifact id: '186f1e16deed84f96984ce101cbb2130') in 0.014929 seconds
Number of updated asset objects reloaded before import = 0
Number of asset objects unloaded after import = 3
========================================================================
Received Prepare
Begin MonoManager ReloadAssembly
- Loaded All Assemblies, in  0.440 seconds
Refreshing native plugins compatible for Editor in 2.90 ms, found 4 plugins.
Native extension for WindowsStandalone target not found
[Package Manager] Server::EnsureServerProcessIsRunning -- launch failed, reason: Unity was launched with the -noUpm command-line argument
[Package Manager] UpmClient::Send -- Unable to send message (not connected to UPM process).
[Package Manager] Cannot connect to Unity Package Manager local server
Mono: successfully reloaded assembly
- Finished resetting the current domain, in  0.876 seconds
Domain Reload Profiling: 1316ms
	BeginReloadAssembly (180ms)
		ExecutionOrderSort (0ms)
		DisableScriptedObjects (10ms)
		BackupInstance (0ms)
		ReleaseScriptingObjects (0ms)
		CreateAndSetChildDomain (36ms)
	RebuildCommonClasses (35ms)
	RebuildNativeTypeToScriptingClass (14ms)
	initialDomainReloadingComplete (23ms)
	LoadAllAssembliesAndSetupDomain (187ms)
		LoadAssemblies (281ms)
		RebuildTransferFunctionScriptingTraits (0ms)
		AnalyzeDomain (14ms)
			TypeCache.Refresh (7ms)
				TypeCache.ScanAssembly (0ms)
			ScanForSourceGeneratedMonoScriptInfo (0ms)
			ResolveRequiredComponents (5ms)
	FinalizeReload (876ms)
		ReleaseScriptCaches (0ms)
		RebuildScriptCaches (0ms)
		SetupLoadedEditorAssemblies (427ms)
			LogAssemblyErrors (0ms)
			InitializePlatformSupportModulesInManaged (4ms)
			SetLoadedEditorAssemblies (3ms)
			RefreshPlugins (0ms)
			BeforeProcessingInitializeOnLoad (63ms)
			ProcessInitializeOnLoadAttributes (315ms)
			ProcessInitializeOnLoadMethodAttributes (38ms)
			AfterProcessingInitializeOnLoad (3ms)
			EditorAssembliesLoaded (0ms)
		ExecutionOrderSort2 (0ms)
		AwakeInstancesAfterBackupRestoration (13ms)
Refreshing native plugins compatible for Editor in 2.65 ms, found 4 plugins.
Preloading 0 native plugins for Editor in 0.00 ms.
Unloading 4003 Unused Serialized files (Serialized files now loaded: 0)
Unloading 41 unused Assets / (216.8 KB). Loaded Objects now: 4477.
Memory consumption went from 143.8 MB to 143.6 MB.
Total: 4.361300 ms (FindLiveObjects: 0.635800 ms CreateObjectMapping: 0.116000 ms MarkObjects: 3.383700 ms  DeleteObjects: 0.223900 ms)

Prepare: number of updated asset objects reloaded= 0
AssetImportParameters requested are different than current active one (requested -> active):
  custom:container-demuxer-ogg: 62fdf1f143b41e24485cea50d1cbac27 -> 
  custom:video-decoder-ogg-theora: a1e56fd34408186e4bbccfd4996cb3dc -> 
  custom:framework-win-MediaFoundation: 216162199b28c13a410421893ffa2e32 -> 
  custom:CustomObjectIndexerAttribute: 756ad292c208cfabdd7b50bc23989ffe -> 
  custom:container-demuxer-webm: 4f35f7cbe854078d1ac9338744f61a02 -> 
  custom:container-muxer-webm: aa71ff27fc2769a1b78a27578f13a17b -> 
  custom:video-decoder-webm-vp8: 9c59270c3fd7afecdb556c50c9e8de78 -> 
  custom:SearchIndexIgnoredProperties: e643bd26f0fe6173181afceb89e7c659 -> 
  custom:AudioImporter_EditorPlatform: d09bf68614088b80899f8185d706f6e7 -> 
  custom:video-encoder-webm-vp8: eb34c28f22e8b96e1ab97ce403110664 -> 
  custom:audio-decoder-ogg-vorbis: bf7c407c2cedff20999df2af8eb42d56 -> 
  custom:audio-encoder-webm-vorbis: bf7c407c2cedff20999df2af8eb42d56 -> 
Editor requested this worker to shutdown with reason: Scaling down because of idle timeout
TcpMessagingSession - receive error: operation aborted. errorcode: 995, details: 由于线程退出或应用程序请求，已中止 I/O 操作。
AssetImportWorker is now disconnected from the server
Process exiting
Exiting without the bug reporter. Application will terminate with return code 0